<?xml version="1.0" encoding="UTF-8"?>
<!-- Generated by org.testng.reporters.JUnitReportReporter -->
<testsuite hostname="DESKTOP-MD06342" failures="0" tests="1" name="Selenium.Selenium.InfosysPdf1" time="12.321" errors="0" timestamp="2024-10-31T08:53:29 IST" skipped="0">
  <testcase classname="Selenium.Selenium.InfosysPdf1" name="example1" time="12.321"/>
</testsuite> <!-- Selenium.Selenium.InfosysPdf1 -->
