<?xml version="1.0" encoding="UTF-8"?>
<!-- Generated by org.testng.reporters.JUnitReportReporter -->
<testsuite hostname="DESKTOP-MD06342" failures="0" tests="1" name="Selenium.Selenium.Login" time="12.966" errors="0" timestamp="2024-09-21T15:31:59 IST" skipped="0">
  <testcase classname="Selenium.Selenium.Login" name="login" time="12.966"/>
</testsuite> <!-- Selenium.Selenium.Login -->
