<?xml version="1.0" encoding="UTF-8"?>
<!-- Generated by org.testng.reporters.JUnitReportReporter -->
<testsuite hostname="DESKTOP-MD06342" failures="0" tests="4" name="Selenium.Selenium.InfosysPdf1" time="6.390" errors="0" timestamp="2024-11-02T14:59:15 IST" skipped="3">
  <testcase classname="Selenium.Selenium.InfosysPdf1" name="waits" time="6.390"/>
  <testcase classname="Selenium.Selenium.InfosysPdf1" name="findelement">
    <skipped/>
  </testcase> <!-- findelement -->
  <testcase classname="Selenium.Selenium.InfosysPdf1" name="findelements">
    <skipped/>
  </testcase> <!-- findelements -->
  <testcase classname="Selenium.Selenium.InfosysPdf1" name="handlemultiplewindows">
    <skipped/>
  </testcase> <!-- handlemultiplewindows -->
</testsuite> <!-- Selenium.Selenium.InfosysPdf1 -->
