<?xml version="1.0" encoding="UTF-8"?>
<!-- Generated by org.testng.reporters.JUnitReportReporter -->
<testsuite hostname="DESKTOP-MD06342" failures="0" tests="8" name="Selenium.Selenium.InfosysPdf1" time="9.216" errors="0" timestamp="2024-11-02T15:30:13 IST" skipped="4">
  <testcase classname="Selenium.Selenium.InfosysPdf1" name="singlemetodmultipletime" time="6.171"/>
  <testcase classname="Selenium.Selenium.InfosysPdf1" name="singlemetodmultipletime" time="0.948"/>
  <testcase classname="Selenium.Selenium.InfosysPdf1" name="singlemetodmultipletime" time="1.068"/>
  <testcase classname="Selenium.Selenium.InfosysPdf1" name="singlemetodmultipletime" time="1.029"/>
  <testcase classname="Selenium.Selenium.InfosysPdf1" name="handlemultiplewindows">
    <skipped/>
  </testcase> <!-- handlemultiplewindows -->
  <testcase classname="Selenium.Selenium.InfosysPdf1" name="findelements">
    <skipped/>
  </testcase> <!-- findelements -->
  <testcase classname="Selenium.Selenium.InfosysPdf1" name="waits">
    <skipped/>
  </testcase> <!-- waits -->
  <testcase classname="Selenium.Selenium.InfosysPdf1" name="findelement">
    <skipped/>
  </testcase> <!-- findelement -->
</testsuite> <!-- Selenium.Selenium.InfosysPdf1 -->
