<?xml version="1.0" encoding="UTF-8"?>
<!-- Generated by org.testng.reporters.JUnitReportReporter -->
<testsuite hostname="DESKTOP-MD06342" failures="0" tests="1" name="Selenium.Selenium.basicquestions" time="14.605" errors="0" timestamp="2024-11-03T09:26:56 IST" skipped="0">
  <testcase classname="Selenium.Selenium.basicquestions" name="actionclass" time="14.605"/>
</testsuite> <!-- Selenium.Selenium.basicquestions -->
